This file contains any messages produced by compilers while
running configure, to aid debugging if configure makes a mistake.

It was created by OpenISR configure 0.10.1, which was
generated by GNU Autoconf 2.66.  Invocation command line was

  $ ./configure 

## --------- ##
## Platform. ##
## --------- ##

hostname = krha-server
uname -m = x86_64
uname -r = 2.6.32-33-generic
uname -s = Linux
uname -v = #72-Ubuntu SMP Fri Jul 29 21:07:13 UTC 2011

/usr/bin/uname -p = unknown
/bin/uname -X     = unknown

/bin/arch              = unknown
/usr/bin/arch -k       = unknown
/usr/convex/getsysinfo = unknown
/usr/bin/hostinfo      = unknown
/bin/machine           = unknown
/usr/bin/oslevel       = unknown
/bin/universe          = unknown

PATH: /tmp/android-toolchain/bin
PATH: /home/krha/bin
PATH: /home/krha/workspace/kernel/ndk/android-ndk-r6b
PATH: /opt/ros/diamondback/ros/bin
PATH: /home/krha/eclipse/android-sdk-linux/platform-tools
PATH: /usr/local/sbin
PATH: /usr/local/bin
PATH: /usr/sbin
PATH: /usr/bin
PATH: /sbin
PATH: /bin
PATH: /usr/games


## ----------- ##
## Core tests. ##
## ----------- ##

configure:2302: checking for a BSD-compatible install
configure:2370: result: /usr/bin/install -c
configure:2381: checking whether build environment is sane
configure:2431: result: yes
configure:2572: checking for a thread-safe mkdir -p
configure:2611: result: /bin/mkdir -p
configure:2624: checking for gawk
configure:2640: found /usr/bin/gawk
configure:2651: result: gawk
configure:2662: checking whether make sets $(MAKE)
configure:2684: result: yes
configure:2853: checking for gcc
configure:2869: found /usr/bin/gcc
configure:2880: result: gcc
configure:3109: checking for C compiler version
configure:3118: gcc --version >&5
gcc (Ubuntu 4.4.3-4ubuntu5) 4.4.3
Copyright (C) 2009 Free Software Foundation, Inc.
This is free software; see the source for copying conditions.  There is NO
warranty; not even for MERCHANTABILITY or FITNESS FOR A PARTICULAR PURPOSE.

configure:3129: $? = 0
configure:3118: gcc -v >&5
Using built-in specs.
Target: x86_64-linux-gnu
Configured with: ../src/configure -v --with-pkgversion='Ubuntu 4.4.3-4ubuntu5' --with-bugurl=file:///usr/share/doc/gcc-4.4/README.Bugs --enable-languages=c,c++,fortran,objc,obj-c++ --prefix=/usr --enable-shared --enable-multiarch --enable-linker-build-id --with-system-zlib --libexecdir=/usr/lib --without-included-gettext --enable-threads=posix --with-gxx-include-dir=/usr/include/c++/4.4 --program-suffix=-4.4 --enable-nls --enable-clocale=gnu --enable-libstdcxx-debug --enable-plugin --enable-objc-gc --disable-werror --with-arch-32=i486 --with-tune=generic --enable-checking=release --build=x86_64-linux-gnu --host=x86_64-linux-gnu --target=x86_64-linux-gnu
Thread model: posix
gcc version 4.4.3 (Ubuntu 4.4.3-4ubuntu5) 
configure:3129: $? = 0
configure:3118: gcc -V >&5
gcc: '-V' option must have argument
configure:3129: $? = 1
configure:3118: gcc -qversion >&5
gcc: unrecognized option '-qversion'
gcc: no input files
configure:3129: $? = 1
configure:3149: checking whether the C compiler works
configure:3171: gcc    conftest.c  >&5
configure:3175: $? = 0
configure:3223: result: yes
configure:3226: checking for C compiler default output file name
configure:3228: result: a.out
configure:3234: checking for suffix of executables
configure:3241: gcc -o conftest    conftest.c  >&5
configure:3245: $? = 0
configure:3267: result: 
configure:3289: checking whether we are cross compiling
configure:3297: gcc -o conftest    conftest.c  >&5
configure:3301: $? = 0
configure:3308: ./conftest
configure:3312: $? = 0
configure:3327: result: no
configure:3332: checking for suffix of object files
configure:3354: gcc -c   conftest.c >&5
configure:3358: $? = 0
configure:3379: result: o
configure:3383: checking whether we are using the GNU C compiler
configure:3402: gcc -c   conftest.c >&5
configure:3402: $? = 0
configure:3411: result: yes
configure:3420: checking whether gcc accepts -g
configure:3440: gcc -c -g  conftest.c >&5
configure:3440: $? = 0
configure:3481: result: yes
configure:3498: checking for gcc option to accept ISO C89
configure:3562: gcc  -c -g -O2  conftest.c >&5
configure:3562: $? = 0
configure:3575: result: none needed
configure:3606: checking for style of include used by make
configure:3634: result: GNU
configure:3659: checking dependency style of gcc
configure:3769: result: gcc3
configure:3793: checking dependency style of gcc
configure:3901: result: gcc3
configure:3917: checking whether make sets $(MAKE)
configure:3939: result: yes
configure:3977: checking build system type
configure:3991: result: x86_64-unknown-linux-gnu
configure:4011: checking host system type
configure:4024: result: x86_64-unknown-linux-gnu
configure:4065: checking how to print strings
configure:4092: result: printf
configure:4113: checking for a sed that does not truncate output
configure:4177: result: /bin/sed
configure:4195: checking for grep that handles long lines and -e
configure:4253: result: /bin/grep
configure:4258: checking for egrep
configure:4320: result: /bin/grep -E
configure:4325: checking for fgrep
configure:4387: result: /bin/grep -F
configure:4422: checking for ld used by gcc
configure:4489: result: /usr/bin/ld
configure:4496: checking if the linker (/usr/bin/ld) is GNU ld
configure:4511: result: yes
configure:4523: checking for BSD- or MS-compatible name lister (nm)
configure:4572: result: /usr/bin/nm -B
configure:4702: checking the name lister (/usr/bin/nm -B) interface
configure:4709: gcc -c -g -O2  conftest.c >&5
configure:4712: /usr/bin/nm -B "conftest.o"
configure:4715: output
0000000000000000 B some_variable
configure:4722: result: BSD nm
configure:4725: checking whether ln -s works
configure:4729: result: yes
configure:4737: checking the maximum length of command line arguments
configure:4862: result: 1572864
configure:4879: checking whether the shell understands some XSI constructs
configure:4889: result: yes
configure:4893: checking whether the shell understands "+="
configure:4899: result: yes
configure:4934: checking for /usr/bin/ld option to reload object files
configure:4941: result: -r
configure:5010: checking for objdump
configure:5026: found /usr/bin/objdump
configure:5037: result: objdump
configure:5069: checking how to recognize dependent libraries
configure:5271: result: pass_all
configure:5331: checking for ar
configure:5347: found /usr/bin/ar
configure:5358: result: ar
configure:5436: checking for strip
configure:5452: found /usr/bin/strip
configure:5463: result: strip
configure:5535: checking for ranlib
configure:5551: found /usr/bin/ranlib
configure:5562: result: ranlib
configure:5664: checking command to parse /usr/bin/nm -B output from gcc object
configure:5782: gcc -c -g -O2  conftest.c >&5
configure:5785: $? = 0
configure:5789: /usr/bin/nm -B conftest.o \| sed -n -e 's/^.*[ ]\([ABCDGIRSTW][ABCDGIRSTW]*\)[ ][ ]*\([_A-Za-z][_A-Za-z0-9]*\)$/\1 \2 \2/p' \> conftest.nm
configure:5792: $? = 0
configure:5846: gcc -o conftest -g -O2   conftest.c conftstm.o >&5
configure:5849: $? = 0
configure:5887: result: ok
configure:5983: gcc -c -g -O2  conftest.c >&5
configure:5986: $? = 0
configure:6728: checking how to run the C preprocessor
configure:6759: gcc -E  conftest.c
configure:6759: $? = 0
configure:6773: gcc -E  conftest.c
conftest.c:11:28: error: ac_nonexistent.h: No such file or directory
configure:6773: $? = 1
configure: failed program was:
| /* confdefs.h */
| #define PACKAGE_NAME "OpenISR"
| #define PACKAGE_TARNAME "openisr"
| #define PACKAGE_VERSION "0.10.1"
| #define PACKAGE_STRING "OpenISR 0.10.1"
| #define PACKAGE_BUGREPORT ""
| #define PACKAGE_URL ""
| #define PACKAGE "openisr"
| #define VERSION "0.10.1"
| /* end confdefs.h.  */
| #include <ac_nonexistent.h>
configure:6798: result: gcc -E
configure:6818: gcc -E  conftest.c
configure:6818: $? = 0
configure:6832: gcc -E  conftest.c
conftest.c:11:28: error: ac_nonexistent.h: No such file or directory
configure:6832: $? = 1
configure: failed program was:
| /* confdefs.h */
| #define PACKAGE_NAME "OpenISR"
| #define PACKAGE_TARNAME "openisr"
| #define PACKAGE_VERSION "0.10.1"
| #define PACKAGE_STRING "OpenISR 0.10.1"
| #define PACKAGE_BUGREPORT ""
| #define PACKAGE_URL ""
| #define PACKAGE "openisr"
| #define VERSION "0.10.1"
| /* end confdefs.h.  */
| #include <ac_nonexistent.h>
configure:6861: checking for ANSI C header files
configure:6881: gcc -c -g -O2  conftest.c >&5
configure:6881: $? = 0
configure:6954: gcc -o conftest -g -O2   conftest.c  >&5
configure:6954: $? = 0
configure:6954: ./conftest
configure:6954: $? = 0
configure:6965: result: yes
configure:6978: checking for sys/types.h
configure:6978: gcc -c -g -O2  conftest.c >&5
configure:6978: $? = 0
configure:6978: result: yes
configure:6978: checking for sys/stat.h
configure:6978: gcc -c -g -O2  conftest.c >&5
configure:6978: $? = 0
configure:6978: result: yes
configure:6978: checking for stdlib.h
configure:6978: gcc -c -g -O2  conftest.c >&5
configure:6978: $? = 0
configure:6978: result: yes
configure:6978: checking for string.h
configure:6978: gcc -c -g -O2  conftest.c >&5
configure:6978: $? = 0
configure:6978: result: yes
configure:6978: checking for memory.h
configure:6978: gcc -c -g -O2  conftest.c >&5
configure:6978: $? = 0
configure:6978: result: yes
configure:6978: checking for strings.h
configure:6978: gcc -c -g -O2  conftest.c >&5
configure:6978: $? = 0
configure:6978: result: yes
configure:6978: checking for inttypes.h
configure:6978: gcc -c -g -O2  conftest.c >&5
configure:6978: $? = 0
configure:6978: result: yes
configure:6978: checking for stdint.h
configure:6978: gcc -c -g -O2  conftest.c >&5
configure:6978: $? = 0
configure:6978: result: yes
configure:6978: checking for unistd.h
configure:6978: gcc -c -g -O2  conftest.c >&5
configure:6978: $? = 0
configure:6978: result: yes
configure:6992: checking for dlfcn.h
configure:6992: gcc -c -g -O2  conftest.c >&5
configure:6992: $? = 0
configure:6992: result: yes
configure:7149: checking for objdir
configure:7164: result: .libs
configure:7435: checking if gcc supports -fno-rtti -fno-exceptions
configure:7453: gcc -c -g -O2  -fno-rtti -fno-exceptions conftest.c >&5
cc1: warning: command line option "-fno-rtti" is valid for C++/ObjC++ but not for C
configure:7457: $? = 0
configure:7470: result: no
configure:7490: checking for gcc option to produce PIC
configure:7775: result: -fPIC -DPIC
configure:7787: checking if gcc PIC flag -fPIC -DPIC works
configure:7805: gcc -c -g -O2  -fPIC -DPIC -DPIC conftest.c >&5
configure:7809: $? = 0
configure:7822: result: yes
configure:7846: checking if gcc static flag -static works
configure:7874: result: yes
configure:7889: checking if gcc supports -c -o file.o
configure:7910: gcc -c -g -O2  -o out/conftest2.o conftest.c >&5
configure:7914: $? = 0
configure:7936: result: yes
configure:7944: checking if gcc supports -c -o file.o
configure:7991: result: yes
configure:8024: checking whether the gcc linker (/usr/bin/ld -m elf_x86_64) supports shared libraries
configure:9099: result: yes
configure:9136: checking whether -lc should be explicitly linked in
configure:9144: gcc -c -g -O2  conftest.c >&5
configure:9147: $? = 0
configure:9162: gcc -shared conftest.o  -v -Wl,-soname -Wl,conftest -o conftest 2\>\&1 \| /bin/grep  -lc  \>/dev/null 2\>\&1
configure:9165: $? = 0
configure:9179: result: no
configure:9344: checking dynamic linker characteristics
configure:9799: gcc -o conftest -g -O2   -Wl,-rpath -Wl,/foo conftest.c  >&5
configure:9799: $? = 0
configure:10025: result: GNU/Linux ld.so
configure:10132: checking how to hardcode library paths into programs
configure:10157: result: immediate
configure:10697: checking whether stripping libraries is possible
configure:10702: result: yes
configure:10737: checking if libtool supports shared libraries
configure:10739: result: yes
configure:10742: checking whether to build shared libraries
configure:10763: result: yes
configure:10766: checking whether to build static libraries
configure:10770: result: no
configure:10858: checking for pkg-config
configure:10876: found /usr/bin/pkg-config
configure:10888: result: /usr/bin/pkg-config
configure:10913: checking pkg-config is at least version 0.9.0
configure:10916: result: yes
configure:10949: checking whether we should build the client
configure:10952: result: yes
configure:10968: checking whether we should build the server
configure:10974: result: no
configure:10995: checking which VMM drivers to build
configure:11006: result: kvm virtualbox vmware
configure:11056: checking if compiler supports -fvisibility=hidden
configure:11062: gcc -c -g -O2 -fvisibility=hidden  conftest.c >&5
configure:11062: $? = 0
configure:11069: result: yes
configure:11096: checking if compiler supports -Wno-missing-field-initializers
configure:11102: gcc -c -g -O2 -Wno-missing-field-initializers  conftest.c >&5
configure:11102: $? = 0
configure:11109: result: yes
configure:11127: checking for perl
configure:11145: found /usr/bin/perl
configure:11158: result: /usr/bin/perl
configure:11175: checking for python
configure:11193: found /usr/bin/python
configure:11206: result: /usr/bin/python
configure:11221: checking for python >= 2.4
configure:11238: result: 2.6.5
configure:11282: checking for fallocate
configure:11297: gcc -o conftest -g -O2   conftest.c  >&5
configure:11297: $? = 0
configure:11305: result: yes
configure:11319: checking for libcurl
configure:11329: result: /usr
configure:11346: checking curl/curl.h usability
configure:11346: gcc -c -g -O2  -I/usr/include conftest.c >&5
configure:11346: $? = 0
configure:11346: result: yes
configure:11346: checking curl/curl.h presence
configure:11346: gcc -E  -I/usr/include conftest.c
configure:11346: $? = 0
configure:11346: result: yes
configure:11346: checking for curl/curl.h
configure:11346: result: yes
configure:11361: checking for curl_easy_init in -lcurl
configure:11386: gcc -o conftest -g -O2  -I/usr/include  -L/usr/lib conftest.c -lcurl   >&5
configure:11386: $? = 0
configure:11395: result: yes
configure:11413: checking for curl >= 7.12.3
configure:11430: result: 7.19.7
configure:11448: checking for gtk
configure:11455: $PKG_CONFIG --exists --print-errors "gtk+-2.0 >= 2.8"
configure:11458: $? = 0
configure:11471: $PKG_CONFIG --exists --print-errors "gtk+-2.0 >= 2.8"
configure:11474: $? = 0
configure:11533: result: yes
configure:11539: checking for libuuid
configure:11546: $PKG_CONFIG --exists --print-errors "uuid"
configure:11549: $? = 0
configure:11562: $PKG_CONFIG --exists --print-errors "uuid"
configure:11565: $? = 0
configure:11624: result: yes
configure:11630: checking for fuse
configure:11637: $PKG_CONFIG --exists --print-errors "fuse >= 2.7"
configure:11640: $? = 0
configure:11653: $PKG_CONFIG --exists --print-errors "fuse >= 2.7"
configure:11656: $? = 0
configure:11715: result: yes
configure:11723: checking for flag_nullpath_ok in fuse.h
configure:11739: gcc -c -g -O2 -D_FILE_OFFSET_BITS=64 -I/usr/include/fuse    -I/usr/include conftest.c >&5
configure:11739: $? = 0
configure:11746: result: yes
configure:11763: checking for zlib
configure:11773: result: /usr
configure:11790: checking zlib.h usability
configure:11790: gcc -c -g -O2  -I/usr/include -I/usr/include conftest.c >&5
configure:11790: $? = 0
configure:11790: result: yes
configure:11790: checking zlib.h presence
configure:11790: gcc -E  -I/usr/include -I/usr/include conftest.c
configure:11790: $? = 0
configure:11790: result: yes
configure:11790: checking for zlib.h
configure:11790: result: yes
configure:11805: checking for inflate in -lz
configure:11830: gcc -o conftest -g -O2  -I/usr/include -I/usr/include  -L/usr/lib -L/usr/lib conftest.c -lz   >&5
configure:11830: $? = 0
configure:11839: result: yes
configure:11853: checking for libarchive
configure:11863: result: /usr
configure:11881: checking archive.h usability
configure:11881: gcc -c -g -O2  -I/usr/include -I/usr/include -I/usr/include conftest.c >&5
configure:11881: $? = 0
configure:11881: result: yes
configure:11881: checking archive.h presence
configure:11881: gcc -E  -I/usr/include -I/usr/include -I/usr/include conftest.c
configure:11881: $? = 0
configure:11881: result: yes
configure:11881: checking for archive.h
configure:11881: result: yes
configure:11881: checking archive_entry.h usability
configure:11881: gcc -c -g -O2  -I/usr/include -I/usr/include -I/usr/include conftest.c >&5
configure:11881: $? = 0
configure:11881: result: yes
configure:11881: checking archive_entry.h presence
configure:11881: gcc -E  -I/usr/include -I/usr/include -I/usr/include conftest.c
configure:11881: $? = 0
configure:11881: result: yes
configure:11881: checking for archive_entry.h
configure:11881: result: yes
configure:11896: checking for archive_read_extract in -larchive
configure:11921: gcc -o conftest -g -O2  -I/usr/include -I/usr/include -I/usr/include  -L/usr/lib -L/usr/lib -L/usr/lib conftest.c -larchive   >&5
configure:11921: $? = 0
configure:11930: result: yes
configure:11945: checking for glib
configure:11952: $PKG_CONFIG --exists --print-errors "glib-2.0 >= 2.12"
configure:11955: $? = 0
configure:11968: $PKG_CONFIG --exists --print-errors "glib-2.0 >= 2.12"
configure:11971: $? = 0
configure:12030: result: yes
configure:12036: checking for gthread
configure:12043: $PKG_CONFIG --exists --print-errors "gthread-2.0"
configure:12046: $? = 0
configure:12059: $PKG_CONFIG --exists --print-errors "gthread-2.0"
configure:12062: $? = 0
configure:12121: result: yes
configure:12127: checking for liblzma
configure:12134: $PKG_CONFIG --exists --print-errors "liblzma"
configure:12137: $? = 0
configure:12150: $PKG_CONFIG --exists --print-errors "liblzma"
configure:12153: $? = 0
configure:12212: result: yes
configure:12383: creating ./config.status

## ---------------------- ##
## Running config.status. ##
## ---------------------- ##

This file was extended by OpenISR config.status 0.10.1, which was
generated by GNU Autoconf 2.66.  Invocation command line was

  CONFIG_FILES    = 
  CONFIG_HEADERS  = 
  CONFIG_LINKS    = 
  CONFIG_COMMANDS = 
  $ ./config.status 

on krha-server

config.status:1125: creating Makefile
config.status:1125: creating conf/Makefile
config.status:1125: creating client/Makefile
config.status:1125: creating crypto/Makefile
config.status:1125: creating crypto/test/Makefile
config.status:1125: creating libutil/Makefile
config.status:1125: creating locksrv/Makefile
config.status:1125: creating parcelkeeper/Makefile
config.status:1125: creating sqlite/Makefile
config.status:1125: creating tools/Makefile
config.status:1125: creating vmm/Makefile
config.status:1125: creating config.h
config.status:1353: executing depfiles commands
config.status:1353: executing libtool commands

## ---------------- ##
## Cache variables. ##
## ---------------- ##

ac_cv_build=x86_64-unknown-linux-gnu
ac_cv_c_compiler_gnu=yes
ac_cv_env_CCASFLAGS_set=
ac_cv_env_CCASFLAGS_value=
ac_cv_env_CCAS_set=
ac_cv_env_CCAS_value=
ac_cv_env_CC_set=
ac_cv_env_CC_value=
ac_cv_env_CFLAGS_set=
ac_cv_env_CFLAGS_value=
ac_cv_env_CPPFLAGS_set=
ac_cv_env_CPPFLAGS_value=
ac_cv_env_CPP_set=
ac_cv_env_CPP_value=
ac_cv_env_LDFLAGS_set=
ac_cv_env_LDFLAGS_value=
ac_cv_env_LIBS_set=
ac_cv_env_LIBS_value=
ac_cv_env_PERL_set=
ac_cv_env_PERL_value=
ac_cv_env_PKG_CONFIG_LIBDIR_set=
ac_cv_env_PKG_CONFIG_LIBDIR_value=
ac_cv_env_PKG_CONFIG_PATH_set=
ac_cv_env_PKG_CONFIG_PATH_value=
ac_cv_env_PKG_CONFIG_set=
ac_cv_env_PKG_CONFIG_value=
ac_cv_env_PYTHON_set=
ac_cv_env_PYTHON_value=
ac_cv_env_build_alias_set=
ac_cv_env_build_alias_value=
ac_cv_env_fuse_CFLAGS_set=
ac_cv_env_fuse_CFLAGS_value=
ac_cv_env_fuse_LIBS_set=
ac_cv_env_fuse_LIBS_value=
ac_cv_env_glib_CFLAGS_set=
ac_cv_env_glib_CFLAGS_value=
ac_cv_env_glib_LIBS_set=
ac_cv_env_glib_LIBS_value=
ac_cv_env_gthread_CFLAGS_set=
ac_cv_env_gthread_CFLAGS_value=
ac_cv_env_gthread_LIBS_set=
ac_cv_env_gthread_LIBS_value=
ac_cv_env_gtk_CFLAGS_set=
ac_cv_env_gtk_CFLAGS_value=
ac_cv_env_gtk_LIBS_set=
ac_cv_env_gtk_LIBS_value=
ac_cv_env_host_alias_set=
ac_cv_env_host_alias_value=
ac_cv_env_liblzma_CFLAGS_set=
ac_cv_env_liblzma_CFLAGS_value=
ac_cv_env_liblzma_LIBS_set=
ac_cv_env_liblzma_LIBS_value=
ac_cv_env_libuuid_CFLAGS_set=
ac_cv_env_libuuid_CFLAGS_value=
ac_cv_env_libuuid_LIBS_set=
ac_cv_env_libuuid_LIBS_value=
ac_cv_env_target_alias_set=
ac_cv_env_target_alias_value=
ac_cv_header_archive_entry_h=yes
ac_cv_header_archive_h=yes
ac_cv_header_curl_curl_h=yes
ac_cv_header_dlfcn_h=yes
ac_cv_header_inttypes_h=yes
ac_cv_header_memory_h=yes
ac_cv_header_stdc=yes
ac_cv_header_stdint_h=yes
ac_cv_header_stdlib_h=yes
ac_cv_header_string_h=yes
ac_cv_header_strings_h=yes
ac_cv_header_sys_stat_h=yes
ac_cv_header_sys_types_h=yes
ac_cv_header_unistd_h=yes
ac_cv_header_zlib_h=yes
ac_cv_host=x86_64-unknown-linux-gnu
ac_cv_lib_archive_archive_read_extract=yes
ac_cv_lib_curl_curl_easy_init=yes
ac_cv_lib_z_inflate=yes
ac_cv_objext=o
ac_cv_path_EGREP='/bin/grep -E'
ac_cv_path_FGREP='/bin/grep -F'
ac_cv_path_GREP=/bin/grep
ac_cv_path_PERL=/usr/bin/perl
ac_cv_path_PYTHON=/usr/bin/python
ac_cv_path_SED=/bin/sed
ac_cv_path_ac_pt_PKG_CONFIG=/usr/bin/pkg-config
ac_cv_path_install='/usr/bin/install -c'
ac_cv_path_mkdir=/bin/mkdir
ac_cv_prog_AWK=gawk
ac_cv_prog_CPP='gcc -E'
ac_cv_prog_ac_ct_AR=ar
ac_cv_prog_ac_ct_CC=gcc
ac_cv_prog_ac_ct_OBJDUMP=objdump
ac_cv_prog_ac_ct_RANLIB=ranlib
ac_cv_prog_ac_ct_STRIP=strip
ac_cv_prog_cc_c89=
ac_cv_prog_cc_g=yes
ac_cv_prog_make_make_set=yes
am_cv_CCAS_dependencies_compiler_type=gcc3
am_cv_CC_dependencies_compiler_type=gcc3
lt_cv_archive_cmds_need_lc=no
lt_cv_deplibs_check_method=pass_all
lt_cv_file_magic_cmd='$MAGIC_CMD'
lt_cv_file_magic_test_file=
lt_cv_ld_reload_flag=-r
lt_cv_nm_interface='BSD nm'
lt_cv_objdir=.libs
lt_cv_path_LD=/usr/bin/ld
lt_cv_path_NM='/usr/bin/nm -B'
lt_cv_prog_compiler_c_o=yes
lt_cv_prog_compiler_pic_works=yes
lt_cv_prog_compiler_rtti_exceptions=no
lt_cv_prog_compiler_static_works=yes
lt_cv_prog_gnu_ld=yes
lt_cv_shlibpath_overrides_runpath=no
lt_cv_sys_global_symbol_pipe='sed -n -e '\''s/^.*[	 ]\([ABCDGIRSTW][ABCDGIRSTW]*\)[	 ][	 ]*\([_A-Za-z][_A-Za-z0-9]*\)$/\1 \2 \2/p'\'''
lt_cv_sys_global_symbol_to_c_name_address='sed -n -e '\''s/^: \([^ ]*\) $/  {\"\1\", (void *) 0},/p'\'' -e '\''s/^[ABCDGIRSTW]* \([^ ]*\) \([^ ]*\)$/  {"\2", (void *) \&\2},/p'\'''
lt_cv_sys_global_symbol_to_c_name_address_lib_prefix='sed -n -e '\''s/^: \([^ ]*\) $/  {\"\1\", (void *) 0},/p'\'' -e '\''s/^[ABCDGIRSTW]* \([^ ]*\) \(lib[^ ]*\)$/  {"\2", (void *) \&\2},/p'\'' -e '\''s/^[ABCDGIRSTW]* \([^ ]*\) \([^ ]*\)$/  {"lib\2", (void *) \&\2},/p'\'''
lt_cv_sys_global_symbol_to_cdecl='sed -n -e '\''s/^T .* \(.*\)$/extern int \1();/p'\'' -e '\''s/^[ABCDGIRSTW]* .* \(.*\)$/extern char \1;/p'\'''
lt_cv_sys_max_cmd_len=1572864
pkg_cv_fuse_CFLAGS='-D_FILE_OFFSET_BITS=64 -I/usr/include/fuse  '
pkg_cv_fuse_LIBS='-pthread -lfuse -lrt -ldl  '
pkg_cv_glib_CFLAGS='-I/usr/include/glib-2.0 -I/usr/lib/glib-2.0/include  '
pkg_cv_glib_LIBS='-lglib-2.0  '
pkg_cv_gthread_CFLAGS='-pthread -I/usr/include/glib-2.0 -I/usr/lib/glib-2.0/include  '
pkg_cv_gthread_LIBS='-pthread -lgthread-2.0 -lrt -lglib-2.0  '
pkg_cv_gtk_CFLAGS='-pthread -D_REENTRANT -I/usr/include/gtk-2.0 -I/usr/lib/gtk-2.0/include -I/usr/include/atk-1.0 -I/usr/include/cairo -I/usr/include/pango-1.0 -I/usr/include/gio-unix-2.0/ -I/usr/include/glib-2.0 -I/usr/lib/glib-2.0/include -I/usr/include/pixman-1 -I/usr/include/freetype2 -I/usr/include/directfb -I/usr/include/libpng12  '
pkg_cv_gtk_LIBS='-pthread -lgtk-x11-2.0 -lgdk-x11-2.0 -latk-1.0 -lgio-2.0 -lpangoft2-1.0 -lgdk_pixbuf-2.0 -lm -lpangocairo-1.0 -lcairo -lpango-1.0 -lfreetype -lfontconfig -lgobject-2.0 -lgmodule-2.0 -lgthread-2.0 -lrt -lglib-2.0  '
pkg_cv_liblzma_CFLAGS=' '
pkg_cv_liblzma_LIBS='-llzma  '
pkg_cv_libuuid_CFLAGS='-I/usr/include/uuid  '
pkg_cv_libuuid_LIBS='-luuid  '

## ----------------- ##
## Output variables. ##
## ----------------- ##

ACLOCAL='${SHELL} /home/krha/Cloudlet/src/ISR/src/build-aux/missing --run aclocal-1.11'
AMDEPBACKSLASH='\'
AMDEP_FALSE='#'
AMDEP_TRUE=''
AMTAR='${SHELL} /home/krha/Cloudlet/src/ISR/src/build-aux/missing --run tar'
AR='ar'
AUTOCONF='${SHELL} /home/krha/Cloudlet/src/ISR/src/build-aux/missing --run autoconf'
AUTOHEADER='${SHELL} /home/krha/Cloudlet/src/ISR/src/build-aux/missing --run autoheader'
AUTOMAKE='${SHELL} /home/krha/Cloudlet/src/ISR/src/build-aux/missing --run automake-1.11'
AWK='gawk'
CC='gcc'
CCAS='gcc'
CCASDEPMODE='depmode=gcc3'
CCASFLAGS='-g -O2'
CCDEPMODE='depmode=gcc3'
CFLAGS='-g -O2'
CPP='gcc -E'
CPPFLAGS=' -I/usr/include -I/usr/include -I/usr/include -I${top_srcdir}/crypto -I${top_srcdir}/libutil -I${top_srcdir}/sqlite'
CYGPATH_W='echo'
DEFS='-DHAVE_CONFIG_H'
DEPDIR='.deps'
DSYMUTIL=''
DUMPBIN=''
ECHO_C=''
ECHO_N='-n'
ECHO_T=''
EGREP='/bin/grep -E'
EXEEXT=''
FGREP='/bin/grep -F'
GREP='/bin/grep'
HAVE_X86_32_FALSE=''
HAVE_X86_32_TRUE='#'
HAVE_X86_64_FALSE='#'
HAVE_X86_64_TRUE=''
INSTALL_DATA='${INSTALL} -m 644'
INSTALL_PROGRAM='${INSTALL}'
INSTALL_SCRIPT='${INSTALL}'
INSTALL_STRIP_PROGRAM='$(install_sh) -c -s'
LD='/usr/bin/ld -m elf_x86_64'
LDFLAGS=' -L/usr/lib -L/usr/lib -L/usr/lib -L${top_builddir}/crypto -L${top_builddir}/libutil -L${top_builddir}/sqlite'
LIBOBJS=''
LIBS=''
LIBTOOL='$(SHELL) $(top_builddir)/libtool'
LIPO=''
LN_S='ln -s'
LTLIBOBJS=''
MAKEINFO='${SHELL} /home/krha/Cloudlet/src/ISR/src/build-aux/missing --run makeinfo'
MKDIR_P='/bin/mkdir -p'
NM='/usr/bin/nm -B'
NMEDIT=''
NO_FIELD_INITIALIZER_WARNINGS='-Wno-missing-field-initializers'
OBJDUMP='objdump'
OBJEXT='o'
OTOOL64=''
OTOOL=''
PACKAGE='openisr'
PACKAGE_BUGREPORT=''
PACKAGE_NAME='OpenISR'
PACKAGE_STRING='OpenISR 0.10.1'
PACKAGE_TARNAME='openisr'
PACKAGE_URL=''
PACKAGE_VERSION='0.10.1'
PATH_SEPARATOR=':'
PERL='/usr/bin/perl'
PKG_CONFIG='/usr/bin/pkg-config'
PKG_CONFIG_LIBDIR=''
PKG_CONFIG_PATH=''
PYTHON='/usr/bin/python'
RANLIB='ranlib'
REQUESTED_VMMS='yes'
SED='/bin/sed'
SET_MAKE=''
SHELL='/bin/bash'
STRIP='strip'
VERSION='0.10.1'
VISIBILITY_HIDDEN='-fvisibility=hidden'
WANT_CLIENT_FALSE='#'
WANT_CLIENT_TRUE=''
WANT_COMMON_FALSE='#'
WANT_COMMON_TRUE=''
WANT_SERVER_FALSE=''
WANT_SERVER_TRUE='#'
WANT_VMMS_FALSE='#'
WANT_VMMS_TRUE=''
ac_ct_CC='gcc'
ac_ct_DUMPBIN=''
am__EXEEXT_FALSE=''
am__EXEEXT_TRUE='#'
am__fastdepCCAS_FALSE='#'
am__fastdepCCAS_TRUE=''
am__fastdepCC_FALSE='#'
am__fastdepCC_TRUE=''
am__include='include'
am__isrc=''
am__leading_dot='.'
am__quote=''
am__tar='${AMTAR} chof - "$$tardir"'
am__untar='${AMTAR} xf -'
bindir='${exec_prefix}/bin'
build='x86_64-unknown-linux-gnu'
build_alias=''
build_cpu='x86_64'
build_os='linux-gnu'
build_vendor='unknown'
datadir='${datarootdir}'
datarootdir='${prefix}/share'
docdir='${datarootdir}/doc/${PACKAGE_TARNAME}'
dvidir='${docdir}'
exec_prefix='${prefix}'
fuse_CFLAGS='-D_FILE_OFFSET_BITS=64 -I/usr/include/fuse  '
fuse_LIBS='-pthread -lfuse -lrt -ldl  '
glib_CFLAGS='-I/usr/include/glib-2.0 -I/usr/lib/glib-2.0/include  '
glib_LIBS='-lglib-2.0  '
gthread_CFLAGS='-pthread -I/usr/include/glib-2.0 -I/usr/lib/glib-2.0/include  '
gthread_LIBS='-pthread -lgthread-2.0 -lrt -lglib-2.0  '
gtk_CFLAGS='-pthread -D_REENTRANT -I/usr/include/gtk-2.0 -I/usr/lib/gtk-2.0/include -I/usr/include/atk-1.0 -I/usr/include/cairo -I/usr/include/pango-1.0 -I/usr/include/gio-unix-2.0/ -I/usr/include/glib-2.0 -I/usr/lib/glib-2.0/include -I/usr/include/pixman-1 -I/usr/include/freetype2 -I/usr/include/directfb -I/usr/include/libpng12  '
gtk_LIBS='-pthread -lgtk-x11-2.0 -lgdk-x11-2.0 -latk-1.0 -lgio-2.0 -lpangoft2-1.0 -lgdk_pixbuf-2.0 -lm -lpangocairo-1.0 -lcairo -lpango-1.0 -lfreetype -lfontconfig -lgobject-2.0 -lgmodule-2.0 -lgthread-2.0 -lrt -lglib-2.0  '
host='x86_64-unknown-linux-gnu'
host_alias=''
host_cpu='x86_64'
host_os='linux-gnu'
host_vendor='unknown'
htmldir='${docdir}'
includedir='${prefix}/include'
infodir='${datarootdir}/info'
install_sh='${SHELL} /home/krha/Cloudlet/src/ISR/src/build-aux/install-sh'
libdir='${exec_prefix}/lib'
libexecdir='${exec_prefix}/libexec'
liblzma_CFLAGS=' '
liblzma_LIBS='-llzma  '
libuuid_CFLAGS='-I/usr/include/uuid  '
libuuid_LIBS='-luuid  '
localedir='${datarootdir}/locale'
localstatedir='${prefix}/var'
mandir='${datarootdir}/man'
mkdir_p='/bin/mkdir -p'
oldincludedir='/usr/include'
pdfdir='${docdir}'
pkgstatedir='$(localstatedir)/lib/openisr'
pkgsysconfdir='$(sysconfdir)/openisr'
prefix='/usr/local'
program_transform_name='s,x,x,'
psdir='${docdir}'
sbindir='${exec_prefix}/sbin'
sharedstatedir='${prefix}/com'
sysconfdir='${prefix}/etc'
target_alias=''

## ----------- ##
## confdefs.h. ##
## ----------- ##

/* confdefs.h */
#define PACKAGE_NAME "OpenISR"
#define PACKAGE_TARNAME "openisr"
#define PACKAGE_VERSION "0.10.1"
#define PACKAGE_STRING "OpenISR 0.10.1"
#define PACKAGE_BUGREPORT ""
#define PACKAGE_URL ""
#define PACKAGE "openisr"
#define VERSION "0.10.1"
#define STDC_HEADERS 1
#define HAVE_SYS_TYPES_H 1
#define HAVE_SYS_STAT_H 1
#define HAVE_STDLIB_H 1
#define HAVE_STRING_H 1
#define HAVE_MEMORY_H 1
#define HAVE_STRINGS_H 1
#define HAVE_INTTYPES_H 1
#define HAVE_STDINT_H 1
#define HAVE_UNISTD_H 1
#define HAVE_DLFCN_H 1
#define LT_OBJDIR ".libs/"
#define HAVE_X86_64 1
#define HAVE_VISIBILITY 1
#define HAVE_FALLOCATE 1
#define HAVE_CURL_CURL_H 1
#define HAVE_FUSE_NULLPATH_OK 1
#define HAVE_ZLIB_H 1
#define HAVE_ARCHIVE_H 1
#define HAVE_ARCHIVE_ENTRY_H 1

configure: exit 0
